<?xml version="1.0" encoding="UTF-8"?>
<!-- Generated by org.testng.reporters.JUnitXMLReporter -->
<testsuite ignored="0" hostname="Freds-MBP.home" failures="0" tests="5" name="Default test" time="22.159" errors="0" timestamp="2025-12-23T17:36:53 EST">
  <testcase classname="tests.DashboardSmokeTest" name="dashboardBadLiveUrlShowsWarning" time="0.887"/>
  <testcase classname="tests.DashboardSmokeTest" name="dashboardEmptyFileUploadShowsWarning" time="0.372"/>
  <testcase classname="tests.DashboardSmokeTest" name="dashboardEmptyLiveUrlShowsWarning" time="0.391"/>
  <testcase classname="tests.DashboardSmokeTest" name="dashboardFileUploadSmokeTest" time="0.664"/>
  <testcase classname="tests.DashboardSmokeTest" name="dashboardSmokeTest_debug" time="6.418"/>
</testsuite> <!-- Default test -->
