<?xml version="1.0" encoding="UTF-8"?>
<!-- Generated by org.testng.reporters.JUnitXMLReporter -->
<testsuite ignored="0" hostname="Freds-MBP.home" failures="0" tests="5" name="Default test" time="20.042" errors="0" timestamp="2025-12-17T17:31:05 EST">
  <testcase classname="tests.DashboardSmokeTest" name="dashboardBadLiveUrlShowsWarning" time="0.468"/>
  <testcase classname="tests.DashboardSmokeTest" name="dashboardEmptyFileUploadShowsWarning" time="0.23"/>
  <testcase classname="tests.DashboardSmokeTest" name="dashboardEmptyLiveUrlShowsWarning" time="0.246"/>
  <testcase classname="tests.DashboardSmokeTest" name="dashboardFileUploadSmokeTest" time="0.433"/>
  <testcase classname="tests.DashboardSmokeTest" name="dashboardSmokeTest_debug" time="6.599"/>
</testsuite> <!-- Default test -->
