<?xml version="1.0" encoding="UTF-8"?>
<testng-results ignored="0" total="5" passed="5" failed="0" skipped="0">
  <reporter-output>
  </reporter-output>
  <suite started-at="2025-12-23T17:36:31 EST" name="Default suite" finished-at="2025-12-23T17:36:53 EST" duration-ms="22159">
    <groups>
    </groups>
    <test started-at="2025-12-23T17:36:31 EST" name="Default test" finished-at="2025-12-23T17:36:53 EST" duration-ms="22159">
      <class name="tests.DashboardSmokeTest">
        <test-method is-config="true" signature="setUp()[pri:0, instance:tests.DashboardSmokeTest@3e27aa33]" started-at="2025-12-23T17:36:31 EST" name="setUp" finished-at="2025-12-23T17:36:34 EST" duration-ms="3344" status="PASS">
          <reporter-output>
          </reporter-output>
        </test-method> <!-- setUp -->
        <test-method signature="dashboardBadLiveUrlShowsWarning()[pri:0, instance:tests.DashboardSmokeTest@3e27aa33]" started-at="2025-12-23T17:36:34 EST" name="dashboardBadLiveUrlShowsWarning" finished-at="2025-12-23T17:36:35 EST" duration-ms="887" status="PASS">
          <reporter-output>
          </reporter-output>
        </test-method> <!-- dashboardBadLiveUrlShowsWarning -->
        <test-method is-config="true" signature="tearDown()[pri:0, instance:tests.DashboardSmokeTest@3e27aa33]" started-at="2025-12-23T17:36:35 EST" name="tearDown" finished-at="2025-12-23T17:36:35 EST" duration-ms="117" status="PASS">
          <reporter-output>
          </reporter-output>
        </test-method> <!-- tearDown -->
        <test-method is-config="true" signature="setUp()[pri:0, instance:tests.DashboardSmokeTest@3e27aa33]" started-at="2025-12-23T17:36:35 EST" name="setUp" finished-at="2025-12-23T17:36:37 EST" duration-ms="2362" status="PASS">
          <reporter-output>
          </reporter-output>
        </test-method> <!-- setUp -->
        <test-method signature="dashboardEmptyFileUploadShowsWarning()[pri:0, instance:tests.DashboardSmokeTest@3e27aa33]" started-at="2025-12-23T17:36:37 EST" name="dashboardEmptyFileUploadShowsWarning" finished-at="2025-12-23T17:36:38 EST" duration-ms="372" status="PASS">
          <reporter-output>
          </reporter-output>
        </test-method> <!-- dashboardEmptyFileUploadShowsWarning -->
        <test-method is-config="true" signature="tearDown()[pri:0, instance:tests.DashboardSmokeTest@3e27aa33]" started-at="2025-12-23T17:36:38 EST" name="tearDown" finished-at="2025-12-23T17:36:38 EST" duration-ms="166" status="PASS">
          <reporter-output>
          </reporter-output>
        </test-method> <!-- tearDown -->
        <test-method is-config="true" signature="setUp()[pri:0, instance:tests.DashboardSmokeTest@3e27aa33]" started-at="2025-12-23T17:36:38 EST" name="setUp" finished-at="2025-12-23T17:36:40 EST" duration-ms="2432" status="PASS">
          <reporter-output>
          </reporter-output>
        </test-method> <!-- setUp -->
        <test-method signature="dashboardEmptyLiveUrlShowsWarning()[pri:0, instance:tests.DashboardSmokeTest@3e27aa33]" started-at="2025-12-23T17:36:40 EST" name="dashboardEmptyLiveUrlShowsWarning" finished-at="2025-12-23T17:36:41 EST" duration-ms="391" status="PASS">
          <reporter-output>
          </reporter-output>
        </test-method> <!-- dashboardEmptyLiveUrlShowsWarning -->
        <test-method is-config="true" signature="tearDown()[pri:0, instance:tests.DashboardSmokeTest@3e27aa33]" started-at="2025-12-23T17:36:41 EST" name="tearDown" finished-at="2025-12-23T17:36:41 EST" duration-ms="126" status="PASS">
          <reporter-output>
          </reporter-output>
        </test-method> <!-- tearDown -->
        <test-method is-config="true" signature="setUp()[pri:0, instance:tests.DashboardSmokeTest@3e27aa33]" started-at="2025-12-23T17:36:41 EST" name="setUp" finished-at="2025-12-23T17:36:43 EST" duration-ms="2279" status="PASS">
          <reporter-output>
          </reporter-output>
        </test-method> <!-- setUp -->
        <test-method signature="dashboardFileUploadSmokeTest()[pri:0, instance:tests.DashboardSmokeTest@3e27aa33]" started-at="2025-12-23T17:36:43 EST" name="dashboardFileUploadSmokeTest" finished-at="2025-12-23T17:36:44 EST" duration-ms="664" status="PASS">
          <reporter-output>
          </reporter-output>
        </test-method> <!-- dashboardFileUploadSmokeTest -->
        <test-method is-config="true" signature="tearDown()[pri:0, instance:tests.DashboardSmokeTest@3e27aa33]" started-at="2025-12-23T17:36:44 EST" name="tearDown" finished-at="2025-12-23T17:36:44 EST" duration-ms="138" status="PASS">
          <reporter-output>
          </reporter-output>
        </test-method> <!-- tearDown -->
        <test-method is-config="true" signature="setUp()[pri:0, instance:tests.DashboardSmokeTest@3e27aa33]" started-at="2025-12-23T17:36:44 EST" name="setUp" finished-at="2025-12-23T17:36:46 EST" duration-ms="2266" status="PASS">
          <reporter-output>
          </reporter-output>
        </test-method> <!-- setUp -->
        <test-method signature="dashboardSmokeTest_debug()[pri:0, instance:tests.DashboardSmokeTest@3e27aa33]" started-at="2025-12-23T17:36:46 EST" name="dashboardSmokeTest_debug" finished-at="2025-12-23T17:36:53 EST" duration-ms="6418" status="PASS">
          <reporter-output>
          </reporter-output>
        </test-method> <!-- dashboardSmokeTest_debug -->
        <test-method is-config="true" signature="tearDown()[pri:0, instance:tests.DashboardSmokeTest@3e27aa33]" started-at="2025-12-23T17:36:53 EST" name="tearDown" finished-at="2025-12-23T17:36:53 EST" duration-ms="157" status="PASS">
          <reporter-output>
          </reporter-output>
        </test-method> <!-- tearDown -->
      </class> <!-- tests.DashboardSmokeTest -->
    </test> <!-- Default test -->
  </suite> <!-- Default suite -->
</testng-results>
