<?xml version="1.0" encoding="UTF-8"?>
<testng-results ignored="0" total="5" passed="5" failed="0" skipped="0">
  <reporter-output>
  </reporter-output>
  <suite started-at="2025-12-17T17:30:45 EST" name="Default suite" finished-at="2025-12-17T17:31:05 EST" duration-ms="20042">
    <groups>
    </groups>
    <test started-at="2025-12-17T17:30:45 EST" name="Default test" finished-at="2025-12-17T17:31:05 EST" duration-ms="20042">
      <class name="tests.DashboardSmokeTest">
        <test-method is-config="true" signature="setUp()[pri:0, instance:tests.DashboardSmokeTest@3e27aa33]" started-at="2025-12-17T17:30:45 EST" name="setUp" finished-at="2025-12-17T17:30:48 EST" duration-ms="2831" status="PASS">
          <reporter-output>
          </reporter-output>
        </test-method> <!-- setUp -->
        <test-method signature="dashboardBadLiveUrlShowsWarning()[pri:0, instance:tests.DashboardSmokeTest@3e27aa33]" started-at="2025-12-17T17:30:48 EST" name="dashboardBadLiveUrlShowsWarning" finished-at="2025-12-17T17:30:48 EST" duration-ms="468" status="PASS">
          <reporter-output>
          </reporter-output>
        </test-method> <!-- dashboardBadLiveUrlShowsWarning -->
        <test-method is-config="true" signature="tearDown()[pri:0, instance:tests.DashboardSmokeTest@3e27aa33]" started-at="2025-12-17T17:30:48 EST" name="tearDown" finished-at="2025-12-17T17:30:48 EST" duration-ms="162" status="PASS">
          <reporter-output>
          </reporter-output>
        </test-method> <!-- tearDown -->
        <test-method is-config="true" signature="setUp()[pri:0, instance:tests.DashboardSmokeTest@3e27aa33]" started-at="2025-12-17T17:30:48 EST" name="setUp" finished-at="2025-12-17T17:30:51 EST" duration-ms="2332" status="PASS">
          <reporter-output>
          </reporter-output>
        </test-method> <!-- setUp -->
        <test-method signature="dashboardEmptyFileUploadShowsWarning()[pri:0, instance:tests.DashboardSmokeTest@3e27aa33]" started-at="2025-12-17T17:30:51 EST" name="dashboardEmptyFileUploadShowsWarning" finished-at="2025-12-17T17:30:51 EST" duration-ms="230" status="PASS">
          <reporter-output>
          </reporter-output>
        </test-method> <!-- dashboardEmptyFileUploadShowsWarning -->
        <test-method is-config="true" signature="tearDown()[pri:0, instance:tests.DashboardSmokeTest@3e27aa33]" started-at="2025-12-17T17:30:51 EST" name="tearDown" finished-at="2025-12-17T17:30:51 EST" duration-ms="157" status="PASS">
          <reporter-output>
          </reporter-output>
        </test-method> <!-- tearDown -->
        <test-method is-config="true" signature="setUp()[pri:0, instance:tests.DashboardSmokeTest@3e27aa33]" started-at="2025-12-17T17:30:51 EST" name="setUp" finished-at="2025-12-17T17:30:53 EST" duration-ms="1989" status="PASS">
          <reporter-output>
          </reporter-output>
        </test-method> <!-- setUp -->
        <test-method signature="dashboardEmptyLiveUrlShowsWarning()[pri:0, instance:tests.DashboardSmokeTest@3e27aa33]" started-at="2025-12-17T17:30:53 EST" name="dashboardEmptyLiveUrlShowsWarning" finished-at="2025-12-17T17:30:53 EST" duration-ms="246" status="PASS">
          <reporter-output>
          </reporter-output>
        </test-method> <!-- dashboardEmptyLiveUrlShowsWarning -->
        <test-method is-config="true" signature="tearDown()[pri:0, instance:tests.DashboardSmokeTest@3e27aa33]" started-at="2025-12-17T17:30:53 EST" name="tearDown" finished-at="2025-12-17T17:30:53 EST" duration-ms="105" status="PASS">
          <reporter-output>
          </reporter-output>
        </test-method> <!-- tearDown -->
        <test-method is-config="true" signature="setUp()[pri:0, instance:tests.DashboardSmokeTest@3e27aa33]" started-at="2025-12-17T17:30:53 EST" name="setUp" finished-at="2025-12-17T17:30:56 EST" duration-ms="2214" status="PASS">
          <reporter-output>
          </reporter-output>
        </test-method> <!-- setUp -->
        <test-method signature="dashboardFileUploadSmokeTest()[pri:0, instance:tests.DashboardSmokeTest@3e27aa33]" started-at="2025-12-17T17:30:56 EST" name="dashboardFileUploadSmokeTest" finished-at="2025-12-17T17:30:56 EST" duration-ms="433" status="PASS">
          <reporter-output>
          </reporter-output>
        </test-method> <!-- dashboardFileUploadSmokeTest -->
        <test-method is-config="true" signature="tearDown()[pri:0, instance:tests.DashboardSmokeTest@3e27aa33]" started-at="2025-12-17T17:30:56 EST" name="tearDown" finished-at="2025-12-17T17:30:56 EST" duration-ms="109" status="PASS">
          <reporter-output>
          </reporter-output>
        </test-method> <!-- tearDown -->
        <test-method is-config="true" signature="setUp()[pri:0, instance:tests.DashboardSmokeTest@3e27aa33]" started-at="2025-12-17T17:30:56 EST" name="setUp" finished-at="2025-12-17T17:30:58 EST" duration-ms="1974" status="PASS">
          <reporter-output>
          </reporter-output>
        </test-method> <!-- setUp -->
        <test-method signature="dashboardSmokeTest_debug()[pri:0, instance:tests.DashboardSmokeTest@3e27aa33]" started-at="2025-12-17T17:30:58 EST" name="dashboardSmokeTest_debug" finished-at="2025-12-17T17:31:05 EST" duration-ms="6599" status="PASS">
          <reporter-output>
          </reporter-output>
        </test-method> <!-- dashboardSmokeTest_debug -->
        <test-method is-config="true" signature="tearDown()[pri:0, instance:tests.DashboardSmokeTest@3e27aa33]" started-at="2025-12-17T17:31:05 EST" name="tearDown" finished-at="2025-12-17T17:31:05 EST" duration-ms="154" status="PASS">
          <reporter-output>
          </reporter-output>
        </test-method> <!-- tearDown -->
      </class> <!-- tests.DashboardSmokeTest -->
    </test> <!-- Default test -->
  </suite> <!-- Default suite -->
</testng-results>
