<?xml version="1.0" encoding="UTF-8"?>
<!-- Generated by org.testng.reporters.JUnitReportReporter -->
<testsuite hostname="Freds-MBP.home" failures="0" tests="5" name="tests.DashboardSmokeTest" time="22.119" errors="0" timestamp="2025-12-23T17:36:53 EST" skipped="0">
  <testcase classname="tests.DashboardSmokeTest" name="dashboardSmokeTest_debug" time="8.988"/>
  <testcase classname="tests.DashboardSmokeTest" name="dashboardEmptyLiveUrlShowsWarning" time="2.814"/>
  <testcase classname="tests.DashboardSmokeTest" name="dashboardBadLiveUrlShowsWarning" time="4.357"/>
  <testcase classname="tests.DashboardSmokeTest" name="dashboardEmptyFileUploadShowsWarning" time="2.900"/>
  <testcase classname="tests.DashboardSmokeTest" name="dashboardFileUploadSmokeTest" time="3.060"/>
</testsuite> <!-- tests.DashboardSmokeTest -->
