<?xml version="1.0" encoding="UTF-8"?>
<!-- Generated by org.testng.reporters.JUnitReportReporter -->
<testsuite hostname="Freds-MBP.home" failures="0" tests="5" name="tests.DashboardSmokeTest" time="20.003" errors="0" timestamp="2025-12-17T17:31:05 EST" skipped="0">
  <testcase classname="tests.DashboardSmokeTest" name="dashboardEmptyFileUploadShowsWarning" time="2.553"/>
  <testcase classname="tests.DashboardSmokeTest" name="dashboardEmptyLiveUrlShowsWarning" time="2.740"/>
  <testcase classname="tests.DashboardSmokeTest" name="dashboardSmokeTest_debug" time="8.730"/>
  <testcase classname="tests.DashboardSmokeTest" name="dashboardFileUploadSmokeTest" time="2.527"/>
  <testcase classname="tests.DashboardSmokeTest" name="dashboardBadLiveUrlShowsWarning" time="3.453"/>
</testsuite> <!-- tests.DashboardSmokeTest -->
